{"/home/alvaro/gateway/src/hooks/useBridgeSetup/index.ts": {"path":"/home/alvaro/gateway/src/hooks/useBridgeSetup/index.ts","statementMap":{"0":{"start":{"line":34,"column":23},"end":{"line":136,"column":1}},"1":{"start":{"line":35,"column":19},"end":{"line":35,"column":37}},"2":{"start":{"line":36,"column":27},"end":{"line":36,"column":62}},"3":{"start":{"line":37,"column":20},"end":{"line":37,"column":45}},"4":{"start":{"line":38,"column":16},"end":{"line":38,"column":42}},"5":{"start":{"line":39,"column":21},"end":{"line":39,"column":52}},"6":{"start":{"line":40,"column":16},"end":{"line":40,"column":50}},"7":{"start":{"line":42,"column":2},"end":{"line":95,"column":42}},"8":{"start":{"line":43,"column":4},"end":{"line":46,"column":5}},"9":{"start":{"line":48,"column":4},"end":{"line":94,"column":5}},"10":{"start":{"line":49,"column":6},"end":{"line":73,"column":7}},"11":{"start":{"line":63,"column":8},"end":{"line":63,"column":51}},"12":{"start":{"line":64,"column":8},"end":{"line":64,"column":53}},"13":{"start":{"line":65,"column":8},"end":{"line":65,"column":51}},"14":{"start":{"line":66,"column":8},"end":{"line":66,"column":39}},"15":{"start":{"line":67,"column":8},"end":{"line":67,"column":50}},"16":{"start":{"line":68,"column":8},"end":{"line":68,"column":53}},"17":{"start":{"line":69,"column":8},"end":{"line":69,"column":37}},"18":{"start":{"line":70,"column":8},"end":{"line":72,"column":9}},"19":{"start":{"line":71,"column":10},"end":{"line":71,"column":48}},"20":{"start":{"line":74,"column":11},"end":{"line":94,"column":5}},"21":{"start":{"line":75,"column":6},"end":{"line":75,"column":35}},"22":{"start":{"line":76,"column":6},"end":{"line":76,"column":36}},"23":{"start":{"line":77,"column":6},"end":{"line":77,"column":30}},"24":{"start":{"line":79,"column":6},"end":{"line":89,"column":7}},"25":{"start":{"line":81,"column":8},"end":{"line":81,"column":53}},"26":{"start":{"line":82,"column":13},"end":{"line":89,"column":7}},"27":{"start":{"line":83,"column":8},"end":{"line":83,"column":51}},"28":{"start":{"line":84,"column":8},"end":{"line":84,"column":53}},"29":{"start":{"line":85,"column":8},"end":{"line":85,"column":51}},"30":{"start":{"line":86,"column":8},"end":{"line":86,"column":39}},"31":{"start":{"line":87,"column":8},"end":{"line":87,"column":50}},"32":{"start":{"line":88,"column":8},"end":{"line":88,"column":50}},"33":{"start":{"line":91,"column":6},"end":{"line":93,"column":7}},"34":{"start":{"line":92,"column":8},"end":{"line":92,"column":46}},"35":{"start":{"line":97,"column":25},"end":{"line":123,"column":45}},"36":{"start":{"line":98,"column":4},"end":{"line":100,"column":5}},"37":{"start":{"line":99,"column":6},"end":{"line":99,"column":12}},"38":{"start":{"line":103,"column":4},"end":{"line":107,"column":5}},"39":{"start":{"line":106,"column":6},"end":{"line":106,"column":12}},"40":{"start":{"line":108,"column":23},"end":{"line":120,"column":6}},"41":{"start":{"line":109,"column":6},"end":{"line":119,"column":7}},"42":{"start":{"line":110,"column":8},"end":{"line":110,"column":25}},"43":{"start":{"line":111,"column":13},"end":{"line":119,"column":7}},"44":{"start":{"line":112,"column":8},"end":{"line":112,"column":20}},"45":{"start":{"line":113,"column":13},"end":{"line":119,"column":7}},"46":{"start":{"line":114,"column":8},"end":{"line":114,"column":29}},"47":{"start":{"line":115,"column":13},"end":{"line":119,"column":7}},"48":{"start":{"line":116,"column":8},"end":{"line":116,"column":27}},"49":{"start":{"line":118,"column":8},"end":{"line":118,"column":39}},"50":{"start":{"line":122,"column":4},"end":{"line":122,"column":42}},"51":{"start":{"line":125,"column":2},"end":{"line":133,"column":40}},"52":{"start":{"line":126,"column":4},"end":{"line":128,"column":5}},"53":{"start":{"line":127,"column":6},"end":{"line":127,"column":22}},"54":{"start":{"line":130,"column":4},"end":{"line":132,"column":5}},"55":{"start":{"line":131,"column":6},"end":{"line":131,"column":34}},"56":{"start":{"line":135,"column":2},"end":{"line":135,"column":27}}},"fnMap":{"0":{"name":"(anonymous_0)","decl":{"start":{"line":34,"column":23},"end":{"line":34,"column":24}},"loc":{"start":{"line":34,"column":29},"end":{"line":136,"column":1}},"line":34},"1":{"name":"(anonymous_1)","decl":{"start":{"line":42,"column":12},"end":{"line":42,"column":13}},"loc":{"start":{"line":42,"column":18},"end":{"line":95,"column":3}},"line":42},"2":{"name":"(anonymous_2)","decl":{"start":{"line":70,"column":15},"end":{"line":70,"column":16}},"loc":{"start":{"line":70,"column":21},"end":{"line":72,"column":9}},"line":70},"3":{"name":"(anonymous_3)","decl":{"start":{"line":91,"column":13},"end":{"line":91,"column":14}},"loc":{"start":{"line":91,"column":19},"end":{"line":93,"column":7}},"line":91},"4":{"name":"(anonymous_4)","decl":{"start":{"line":97,"column":37},"end":{"line":97,"column":38}},"loc":{"start":{"line":97,"column":43},"end":{"line":123,"column":3}},"line":97},"5":{"name":"(anonymous_5)","decl":{"start":{"line":108,"column":52},"end":{"line":108,"column":53}},"loc":{"start":{"line":108,"column":64},"end":{"line":120,"column":5}},"line":108},"6":{"name":"(anonymous_6)","decl":{"start":{"line":125,"column":12},"end":{"line":125,"column":13}},"loc":{"start":{"line":125,"column":18},"end":{"line":133,"column":3}},"line":125},"7":{"name":"(anonymous_7)","decl":{"start":{"line":130,"column":11},"end":{"line":130,"column":12}},"loc":{"start":{"line":130,"column":17},"end":{"line":132,"column":5}},"line":130}},"branchMap":{"0":{"loc":{"start":{"line":43,"column":4},"end":{"line":46,"column":5}},"type":"if","locations":[{"start":{"line":43,"column":4},"end":{"line":46,"column":5}},{"start":{},"end":{}}],"line":43},"1":{"loc":{"start":{"line":48,"column":4},"end":{"line":94,"column":5}},"type":"if","locations":[{"start":{"line":48,"column":4},"end":{"line":94,"column":5}},{"start":{"line":74,"column":11},"end":{"line":94,"column":5}}],"line":48},"2":{"loc":{"start":{"line":49,"column":6},"end":{"line":73,"column":7}},"type":"if","locations":[{"start":{"line":49,"column":6},"end":{"line":73,"column":7}},{"start":{},"end":{}}],"line":49},"3":{"loc":{"start":{"line":49,"column":10},"end":{"line":49,"column":50}},"type":"binary-expr","locations":[{"start":{"line":49,"column":10},"end":{"line":49,"column":15}},{"start":{"line":49,"column":19},"end":{"line":49,"column":50}}],"line":49},"4":{"loc":{"start":{"line":74,"column":11},"end":{"line":94,"column":5}},"type":"if","locations":[{"start":{"line":74,"column":11},"end":{"line":94,"column":5}},{"start":{},"end":{}}],"line":74},"5":{"loc":{"start":{"line":74,"column":15},"end":{"line":74,"column":42}},"type":"binary-expr","locations":[{"start":{"line":74,"column":15},"end":{"line":74,"column":33}},{"start":{"line":74,"column":37},"end":{"line":74,"column":42}}],"line":74},"6":{"loc":{"start":{"line":79,"column":6},"end":{"line":89,"column":7}},"type":"if","locations":[{"start":{"line":79,"column":6},"end":{"line":89,"column":7}},{"start":{"line":82,"column":13},"end":{"line":89,"column":7}}],"line":79},"7":{"loc":{"start":{"line":82,"column":13},"end":{"line":89,"column":7}},"type":"if","locations":[{"start":{"line":82,"column":13},"end":{"line":89,"column":7}},{"start":{},"end":{}}],"line":82},"8":{"loc":{"start":{"line":98,"column":4},"end":{"line":100,"column":5}},"type":"if","locations":[{"start":{"line":98,"column":4},"end":{"line":100,"column":5}},{"start":{},"end":{}}],"line":98},"9":{"loc":{"start":{"line":103,"column":4},"end":{"line":107,"column":5}},"type":"if","locations":[{"start":{"line":103,"column":4},"end":{"line":107,"column":5}},{"start":{},"end":{}}],"line":103},"10":{"loc":{"start":{"line":109,"column":6},"end":{"line":119,"column":7}},"type":"if","locations":[{"start":{"line":109,"column":6},"end":{"line":119,"column":7}},{"start":{"line":111,"column":13},"end":{"line":119,"column":7}}],"line":109},"11":{"loc":{"start":{"line":111,"column":13},"end":{"line":119,"column":7}},"type":"if","locations":[{"start":{"line":111,"column":13},"end":{"line":119,"column":7}},{"start":{"line":113,"column":13},"end":{"line":119,"column":7}}],"line":111},"12":{"loc":{"start":{"line":113,"column":13},"end":{"line":119,"column":7}},"type":"if","locations":[{"start":{"line":113,"column":13},"end":{"line":119,"column":7}},{"start":{"line":115,"column":13},"end":{"line":119,"column":7}}],"line":113},"13":{"loc":{"start":{"line":115,"column":13},"end":{"line":119,"column":7}},"type":"if","locations":[{"start":{"line":115,"column":13},"end":{"line":119,"column":7}},{"start":{"line":117,"column":13},"end":{"line":119,"column":7}}],"line":115},"14":{"loc":{"start":{"line":126,"column":4},"end":{"line":128,"column":5}},"type":"if","locations":[{"start":{"line":126,"column":4},"end":{"line":128,"column":5}},{"start":{},"end":{}}],"line":126}},"s":{"0":1,"1":4,"2":4,"3":4,"4":4,"5":4,"6":4,"7":4,"8":4,"9":4,"10":1,"11":1,"12":1,"13":1,"14":1,"15":1,"16":1,"17":1,"18":1,"19":1,"20":3,"21":3,"22":3,"23":3,"24":3,"25":2,"26":1,"27":1,"28":1,"29":1,"30":1,"31":1,"32":1,"33":3,"34":3,"35":4,"36":2,"37":0,"38":2,"39":0,"40":2,"41":64,"42":2,"43":62,"44":2,"45":60,"46":2,"47":58,"48":2,"49":56,"50":2,"51":4,"52":4,"53":1,"54":4,"55":4,"56":4},"f":{"0":4,"1":4,"2":1,"3":3,"4":2,"5":64,"6":4,"7":4},"b":{"0":[0,4],"1":[1,3],"2":[1,0],"3":[1,1],"4":[3,0],"5":[3,3],"6":[2,1],"7":[1,0],"8":[0,2],"9":[0,2],"10":[2,62],"11":[2,60],"12":[2,58],"13":[2,56],"14":[1,3]},"_coverageSchema":"1a1c01bbd47fc00a2c39e90264f33305004495a9","hash":"077e0bc721fdbe449177665c4951395ea556b94b"}
}
