TN:
SF:src/hooks/useBridgeSetup/index.ts
FN:34,(anonymous_0)
FN:42,(anonymous_1)
FN:70,(anonymous_2)
FN:91,(anonymous_3)
FN:97,(anonymous_4)
FN:108,(anonymous_5)
FN:125,(anonymous_6)
FN:130,(anonymous_7)
FNF:8
FNH:8
FNDA:4,(anonymous_0)
FNDA:4,(anonymous_1)
FNDA:1,(anonymous_2)
FNDA:3,(anonymous_3)
FNDA:2,(anonymous_4)
FNDA:64,(anonymous_5)
FNDA:4,(anonymous_6)
FNDA:4,(anonymous_7)
DA:34,1
DA:35,4
DA:36,4
DA:37,4
DA:38,4
DA:39,4
DA:40,4
DA:42,4
DA:43,4
DA:48,4
DA:49,1
DA:63,1
DA:64,1
DA:65,1
DA:66,1
DA:67,1
DA:68,1
DA:69,1
DA:70,1
DA:71,1
DA:74,3
DA:75,3
DA:76,3
DA:77,3
DA:79,3
DA:81,2
DA:82,1
DA:83,1
DA:84,1
DA:85,1
DA:86,1
DA:87,1
DA:88,1
DA:91,3
DA:92,3
DA:97,4
DA:98,2
DA:99,0
DA:103,2
DA:106,0
DA:108,2
DA:109,64
DA:110,2
DA:111,62
DA:112,2
DA:113,60
DA:114,2
DA:115,58
DA:116,2
DA:118,56
DA:122,2
DA:125,4
DA:126,4
DA:127,1
DA:130,4
DA:131,4
DA:135,4
LF:57
LH:55
BRDA:43,0,0,0
BRDA:43,0,1,4
BRDA:48,1,0,1
BRDA:48,1,1,3
BRDA:49,2,0,1
BRDA:49,2,1,0
BRDA:49,3,0,1
BRDA:49,3,1,1
BRDA:74,4,0,3
BRDA:74,4,1,0
BRDA:74,5,0,3
BRDA:74,5,1,3
BRDA:79,6,0,2
BRDA:79,6,1,1
BRDA:82,7,0,1
BRDA:82,7,1,0
BRDA:98,8,0,0
BRDA:98,8,1,2
BRDA:103,9,0,0
BRDA:103,9,1,2
BRDA:109,10,0,2
BRDA:109,10,1,62
BRDA:111,11,0,2
BRDA:111,11,1,60
BRDA:113,12,0,2
BRDA:113,12,1,58
BRDA:115,13,0,2
BRDA:115,13,1,56
BRDA:126,14,0,1
BRDA:126,14,1,3
BRF:30
BRH:24
end_of_record
